2026-03-18 11:08:03 INFO  [main] [] o.l.r.RomanticServerApplicationTests - Starting RomanticServerApplicationTests using Java 11.0.0.2 on DESKTOP-R74SJDJ with PID 26876 (started by 17532 in D:\JavaProject\romantic-suite\romantic-server)
2026-03-18 11:08:03 INFO  [main] [] o.l.r.RomanticServerApplicationTests - No active profile set, falling back to 1 default profile: "default"
2026-03-18 11:08:03 INFO  [background-preinit] [] o.h.validator.internal.util.Version - HV000001: Hibernate Validator 6.2.5.Final
2026-03-18 11:08:04 INFO  [main] [] com.zaxxer.hikari.HikariDataSource - HikariPool-1 - Starting...
2026-03-18 11:08:05 INFO  [main] [] com.zaxxer.hikari.HikariDataSource - HikariPool-1 - Start completed.
2026-03-18 11:08:07 INFO  [main] [] o.s.b.a.e.web.EndpointLinksResolver - Exposing 1 endpoint(s) beneath base path '/actuator'
2026-03-18 11:08:07 INFO  [main] [] o.l.r.RomanticServerApplicationTests - Started RomanticServerApplicationTests in 4.611 seconds (JVM running for 5.389)
2026-03-18 11:08:08 INFO  [SpringApplicationShutdownHook] [] com.zaxxer.hikari.HikariDataSource - HikariPool-1 - Shutdown initiated...
2026-03-18 11:08:08 INFO  [SpringApplicationShutdownHook] [] com.zaxxer.hikari.HikariDataSource - HikariPool-1 - Shutdown completed.
2026-03-18 16:29:09 INFO  [main] [] o.l.r.RomanticServerApplicationTests - Starting RomanticServerApplicationTests using Java 11.0.0.2 on DESKTOP-R74SJDJ with PID 8864 (started by 17532 in D:\JavaProject\romantic-suite\romantic-server)
2026-03-18 16:29:09 INFO  [main] [] o.l.r.RomanticServerApplicationTests - No active profile set, falling back to 1 default profile: "default"
2026-03-18 16:29:09 INFO  [background-preinit] [] o.h.validator.internal.util.Version - HV000001: Hibernate Validator 6.2.5.Final
2026-03-18 16:29:10 INFO  [main] [] com.zaxxer.hikari.HikariDataSource - HikariPool-1 - Starting...
2026-03-18 16:29:10 INFO  [main] [] com.zaxxer.hikari.HikariDataSource - HikariPool-1 - Start completed.
2026-03-18 16:29:12 INFO  [main] [] o.s.b.a.e.web.EndpointLinksResolver - Exposing 1 endpoint(s) beneath base path '/actuator'
2026-03-18 16:29:13 INFO  [main] [] o.l.r.RomanticServerApplicationTests - Started RomanticServerApplicationTests in 4.507 seconds (JVM running for 5.221)
2026-03-18 16:29:14 INFO  [SpringApplicationShutdownHook] [] com.zaxxer.hikari.HikariDataSource - HikariPool-1 - Shutdown initiated...
2026-03-18 16:29:14 INFO  [SpringApplicationShutdownHook] [] com.zaxxer.hikari.HikariDataSource - HikariPool-1 - Shutdown completed.
2026-03-18 17:51:23 INFO  [main] [] o.l.r.RomanticServerApplicationTests - Starting RomanticServerApplicationTests using Java 11.0.0.2 on DESKTOP-R74SJDJ with PID 18228 (started by 17532 in D:\JavaProject\romantic-suite\romantic-server)
2026-03-18 17:51:23 INFO  [main] [] o.l.r.RomanticServerApplicationTests - No active profile set, falling back to 1 default profile: "default"
2026-03-18 17:51:23 INFO  [background-preinit] [] o.h.validator.internal.util.Version - HV000001: Hibernate Validator 6.2.5.Final
2026-03-18 17:51:24 INFO  [main] [] com.zaxxer.hikari.HikariDataSource - HikariPool-1 - Starting...
2026-03-18 17:51:24 INFO  [main] [] com.zaxxer.hikari.HikariDataSource - HikariPool-1 - Start completed.
2026-03-18 17:51:27 INFO  [main] [] o.s.b.a.e.web.EndpointLinksResolver - Exposing 1 endpoint(s) beneath base path '/actuator'
2026-03-18 17:51:28 INFO  [main] [] o.l.r.RomanticServerApplicationTests - Started RomanticServerApplicationTests in 5.259 seconds (JVM running for 6.679)
2026-03-18 17:51:28 INFO  [SpringApplicationShutdownHook] [] com.zaxxer.hikari.HikariDataSource - HikariPool-1 - Shutdown initiated...
2026-03-18 17:51:28 INFO  [SpringApplicationShutdownHook] [] com.zaxxer.hikari.HikariDataSource - HikariPool-1 - Shutdown completed.
2026-03-18 17:55:31 INFO  [main] [] o.l.r.RomanticServerApplicationTests - Starting RomanticServerApplicationTests using Java 11.0.0.2 on DESKTOP-R74SJDJ with PID 10568 (started by 17532 in D:\JavaProject\romantic-suite\romantic-server)
2026-03-18 17:55:31 INFO  [main] [] o.l.r.RomanticServerApplicationTests - No active profile set, falling back to 1 default profile: "default"
2026-03-18 17:55:31 INFO  [background-preinit] [] o.h.validator.internal.util.Version - HV000001: Hibernate Validator 6.2.5.Final
2026-03-18 17:55:32 INFO  [main] [] com.zaxxer.hikari.HikariDataSource - HikariPool-1 - Starting...
2026-03-18 17:55:32 INFO  [main] [] com.zaxxer.hikari.HikariDataSource - HikariPool-1 - Start completed.
2026-03-18 17:55:34 INFO  [main] [] o.s.b.a.e.web.EndpointLinksResolver - Exposing 1 endpoint(s) beneath base path '/actuator'
2026-03-18 17:55:35 INFO  [main] [] o.l.r.RomanticServerApplicationTests - Started RomanticServerApplicationTests in 4.656 seconds (JVM running for 5.36)
2026-03-18 17:55:35 INFO  [SpringApplicationShutdownHook] [] com.zaxxer.hikari.HikariDataSource - HikariPool-1 - Shutdown initiated...
2026-03-18 17:55:35 INFO  [SpringApplicationShutdownHook] [] com.zaxxer.hikari.HikariDataSource - HikariPool-1 - Shutdown completed.
2026-03-18 18:03:59 INFO  [main] [] o.l.r.RomanticServerApplicationTests - Starting RomanticServerApplicationTests using Java 11.0.0.2 on DESKTOP-R74SJDJ with PID 16808 (started by 17532 in D:\JavaProject\romantic-suite\romantic-server)
2026-03-18 18:03:59 INFO  [main] [] o.l.r.RomanticServerApplicationTests - No active profile set, falling back to 1 default profile: "default"
2026-03-18 18:03:59 INFO  [background-preinit] [] o.h.validator.internal.util.Version - HV000001: Hibernate Validator 6.2.5.Final
2026-03-18 18:04:00 INFO  [main] [] com.zaxxer.hikari.HikariDataSource - HikariPool-1 - Starting...
2026-03-18 18:04:00 INFO  [main] [] com.zaxxer.hikari.HikariDataSource - HikariPool-1 - Start completed.
2026-03-18 18:04:00 INFO  [main] [] o.l.r.config.SchemaMigrationRunner - 当前数据库不是 MySQL，跳过表注释和字段注释迁移
2026-03-18 18:04:02 INFO  [main] [] o.s.b.a.e.web.EndpointLinksResolver - Exposing 1 endpoint(s) beneath base path '/actuator'
2026-03-18 18:04:03 INFO  [main] [] o.l.r.RomanticServerApplicationTests - Started RomanticServerApplicationTests in 4.63 seconds (JVM running for 5.332)
2026-03-18 18:04:04 INFO  [SpringApplicationShutdownHook] [] com.zaxxer.hikari.HikariDataSource - HikariPool-1 - Shutdown initiated...
2026-03-18 18:04:04 INFO  [SpringApplicationShutdownHook] [] com.zaxxer.hikari.HikariDataSource - HikariPool-1 - Shutdown completed.
2026-03-18 18:06:31 INFO  [main] [] o.l.r.RomanticServerApplicationTests - Starting RomanticServerApplicationTests using Java 11.0.0.2 on DESKTOP-R74SJDJ with PID 22692 (started by 17532 in D:\JavaProject\romantic-suite\romantic-server)
2026-03-18 18:06:31 INFO  [main] [] o.l.r.RomanticServerApplicationTests - No active profile set, falling back to 1 default profile: "default"
2026-03-18 18:06:31 INFO  [background-preinit] [] o.h.validator.internal.util.Version - HV000001: Hibernate Validator 6.2.5.Final
2026-03-18 18:06:32 INFO  [main] [] com.zaxxer.hikari.HikariDataSource - HikariPool-1 - Starting...
2026-03-18 18:06:32 INFO  [main] [] com.zaxxer.hikari.HikariDataSource - HikariPool-1 - Start completed.
2026-03-18 18:06:35 INFO  [main] [] o.s.b.a.e.web.EndpointLinksResolver - Exposing 1 endpoint(s) beneath base path '/actuator'
2026-03-18 18:06:36 INFO  [main] [] o.l.r.RomanticServerApplicationTests - Started RomanticServerApplicationTests in 5.165 seconds (JVM running for 5.863)
2026-03-18 18:06:36 INFO  [SpringApplicationShutdownHook] [] com.zaxxer.hikari.HikariDataSource - HikariPool-1 - Shutdown initiated...
2026-03-18 18:06:36 INFO  [SpringApplicationShutdownHook] [] com.zaxxer.hikari.HikariDataSource - HikariPool-1 - Shutdown completed.
